2025-09-23 10:16:14,287 Not find: blk_8048594464172649365
2025-09-23 10:19:11,385 No antonyms: while
2025-09-23 10:19:23,601 Not find: blk_4029139044660806713
2025-09-23 10:20:40,118 Not find: blk_8377661448601579317
2025-09-23 10:20:40,118 Not find: blk_4927011145115127531
2025-09-23 10:20:40,118 Not find: blk_2860897425785746911
2025-09-23 10:20:40,118 Not find: blk_2161580591957523893
2025-09-23 10:20:40,118 Not find: blk_8736689095894369097
2025-09-23 10:20:40,118 Not find: blk_8818706925296961012
2025-09-23 10:20:40,118 Not find: from
2025-09-23 10:20:40,118 Not find: blk_3335012758760643328
2025-09-23 10:20:40,118 Not find: blk_8521655806854586696
2025-09-23 10:20:40,118 No antonyms: data
2025-09-23 10:20:40,118 No antonyms: dest
2025-09-23 10:20:40,118 No antonyms: user
2025-09-23 10:20:40,118 No antonyms: file
2025-09-23 10:20:40,118 No antonyms: serving
2025-09-23 10:20:40,118 Not find: blk_8543991617360374935
2025-09-23 10:20:40,118 Not find: blk_1372596948297458670
2025-09-23 10:20:40,118 Not find: blk_3382627815322561484
2025-09-23 10:20:40,133 Not find: blk_446299976487589160
2025-09-23 10:20:40,133 Not find: blk_338095650783321996
2025-09-23 10:20:40,133 No antonyms: updated
2025-09-23 10:20:40,133 Not find: blockMap
2025-09-23 10:20:40,133 No antonyms: replicate
2025-09-23 10:20:40,133 Not find: blk_1473949624670719319
2025-09-23 10:20:40,133 Not find: blk_7608961006114219538
2025-09-23 10:20:40,133 Not find: blk_2107477892986152528
2025-09-23 10:20:40,133 Not find: blk_2004177185950968695
2025-09-23 10:20:40,133 Not find: blk_4389340532803855247
2025-09-23 10:20:40,149 Not find: blk_6385574357371832424
2025-09-23 10:20:40,149 Not find: allocateBlock
2025-09-23 10:20:40,149 Not find: blk_963252337613423037
2025-09-23 10:20:40,149 Not find: blk_5680538862600094527
2025-09-23 10:20:40,149 Not find: blk_5253889604362640423
2025-09-23 10:20:40,149 Not find: _temporary
2025-09-23 10:20:40,149 Not find: blk_3438772130782939627
2025-09-23 10:20:40,149 Not find: blk_1932147224007687756
2025-09-23 10:20:40,149 Not find: blk_3813114133944383323
2025-09-23 10:20:40,149 Not find: blk_710178463364063355
2025-09-23 10:20:40,149 Not find: PacketResponder
2025-09-23 10:20:40,149 Not find: blk_8879208244602324204
2025-09-23 10:20:40,149 Not find: dfs
2025-09-23 10:20:40,149 Not find: blk_8406894133999850666
2025-09-23 10:20:40,149 Not find: blk_425101290285860876
2025-09-23 10:20:40,149 Not find: blk_7112727670634942639
2025-09-23 10:20:40,149 Not find: blk_3351984198891394382
2025-09-23 10:20:40,149 Not find: blk_167132135416677587
2025-09-23 10:20:40,149 Not find: blk_7610838808763810123
2025-09-23 10:20:40,149 Not find: blk_6708643067868168687
2025-09-23 10:20:40,149 Not find: blk_4041319486058127641
2025-09-23 10:20:40,149 Not find: blk_3408482260833769309
2025-09-23 10:20:40,149 No antonyms: exception
2025-09-23 10:20:40,149 Not find: blk_8992626816092659826
2025-09-23 10:20:40,149 Not find: blk_
2025-09-23 10:20:40,149 Not find: blk_6384439316405471171
2025-09-23 10:20:40,149 Not find: DataNode$DataXceiver
2025-09-23 10:20:40,149 Not find: blk_8029153852899017155
2025-09-23 10:20:40,149 Not find: blk_3923069610304693233
2025-09-23 10:20:40,149 Not find: to
2025-09-23 10:20:40,149 No antonyms: WARN
2025-09-23 10:20:40,149 Not find: blk_991075908349619367
2025-09-23 10:20:40,149 Not find: blk_8767569714374844347
2025-09-23 10:20:40,149 Not find: blk_6306622708327890839
2025-09-23 10:20:40,149 Not find: blk_1237334407720045724
2025-09-23 10:20:40,149 Not find: blk_4466433199471909449
2025-09-23 10:20:40,149 Not find: blk_4633996820313194570
2025-09-23 10:20:40,149 Not find: blk_6207861897580168557
2025-09-23 10:20:40,149 Not find: blk_2634772258588877972
2025-09-23 10:20:40,165 Not find: blk_3300803097775546532
2025-09-23 10:20:40,165 Not find: blk_8296499240199635880
2025-09-23 10:20:40,165 Not find: blk_8393887138377503163
2025-09-23 10:20:40,165 Not find: blk_5677959846373741243
2025-09-23 10:20:40,165 Not find: blk_5537011318013544619
2025-09-23 10:20:40,165 Not find: blk_7186692462976470823
2025-09-23 10:20:40,165 Not find: blk_5356427838869009345
2025-09-23 10:20:40,165 Not find: blk_7602939593939794410
2025-09-23 10:20:40,165 Not find: blk_2654596473569751784
2025-09-23 10:20:40,165 Not find: blk_1716344083117307767
2025-09-23 10:20:40,165 No antonyms: s
2025-09-23 10:20:40,165 Not find: blk_7237730029042141635
2025-09-23 10:20:40,165 No antonyms: transfer
2025-09-23 10:20:40,165 Not find: blk_1943146154560599630
2025-09-23 10:20:40,165 Not find: blk_7079754042611867581
2025-09-23 10:20:40,165 Not find: blk_5202581916713319258
2025-09-23 10:20:40,165 Not find: DataBlockScanner
2025-09-23 10:20:40,165 Not find: blk_7225301266481603731
2025-09-23 10:20:40,165 Not find: blk_4644812717442758529
2025-09-23 10:20:40,165 Not find: src
2025-09-23 10:20:40,165 Not find: for
2025-09-23 10:20:40,165 Not find: blk_6036564204960295926
2025-09-23 10:20:40,165 Not find: blk_364441107933628577
2025-09-23 10:20:40,165 Not find: BLOCK*
2025-09-23 10:20:40,165 No antonyms: INFO
2025-09-23 10:20:40,165 Not find: blk_61908781908925992
2025-09-23 10:20:40,165 Not find: of
2025-09-23 10:20:40,165 Not find: blk_2209319141644287774
2025-09-23 10:20:40,165 Not find: blk_6082535783543982566
2025-09-23 10:20:40,165 Not find: mnt
2025-09-23 10:20:40,165 Not find: blk_3042818489384932576
2025-09-23 10:20:40,165 Not find: blk_2004418049430157212
2025-09-23 10:20:40,165 Not find: blk_649427218152856001
2025-09-23 10:20:40,165 Not find: blk_1577274266662884430
2025-09-23 10:20:40,165 Not find: blk_8823112510768971040
2025-09-23 10:20:40,165 Not find: blk_8345415947062862337
2025-09-23 10:20:40,165 Not find: blk_7159969052744592746
2025-09-23 10:20:40,165 Not find: DataNode
2025-09-23 10:20:40,165 No antonyms: Verification
2025-09-23 10:20:40,165 Not find: blk_7963891081239759520
2025-09-23 10:20:40,165 Not find: blk_7211071078501521087
2025-09-23 10:20:40,165 Not find: blk_2698691234887375588
2025-09-23 10:20:40,180 Not find: blk_118950937507976810
2025-09-23 10:20:40,180 Not find: blk_5740615689780260922
2025-09-23 10:20:40,180 Not find: blk_5072240701440032119
2025-09-23 10:20:40,180 Not find: blk_2920934363167004552
2025-09-23 10:20:40,180 Not find: addStoredBlock
2025-09-23 10:20:40,180 Not find: hadoop
2025-09-23 10:20:40,180 Not find: blk_3150135312641203550
2025-09-23 10:20:40,180 Not find: blk_4292382298896622412
2025-09-23 10:20:40,180 Not find: blk_7240227881194993860
2025-09-23 10:20:40,180 Not find: blk_9174833667156726933
2025-09-23 10:20:40,180 Not find: NameSystem
2025-09-23 10:20:40,180 Not find: blk_8814943807366894581
2025-09-23 10:20:40,180 Not find: DataNode$PacketResponder
2025-09-23 10:20:40,180 Not find: blk_2626057344048606017
2025-09-23 10:20:40,180 Not find: blk_6449230045010995668
2025-09-23 10:20:40,180 No antonyms: size
2025-09-23 10:20:40,180 Not find: datanode
2025-09-23 10:20:40,180 Not find: blk_825124020036421636
2025-09-23 10:20:40,180 Not find: blk_7067050654303940677
2025-09-23 10:20:40,180 No antonyms: Served
2025-09-23 10:20:40,180 Not find: FSDataset
2025-09-23 10:20:40,180 Not find: blk_189089569009261656
2025-09-23 10:20:40,180 Not find: blk_765879159867598347
2025-09-23 10:20:40,180 Not find: FSNamesystem
2025-09-23 10:20:40,180 Not find: blk_2537458728254532453
2025-09-23 10:20:40,180 Not find: blk_1296823600557793869
2025-09-23 10:20:40,180 Not find: blk_4285859645577726288
2025-09-23 10:20:40,180 Not find: invalidSet
2025-09-23 10:20:40,180 Not find: blk_7693891282153136044
2025-09-23 10:20:40,180 No antonyms: thread
2025-09-23 10:20:40,180 Not find: blk_6865645438678864855
2025-09-23 10:20:40,180 Not find: blk_118013751374560901
2025-09-23 10:20:40,180 Not find: blk_4977937528993040451
2025-09-23 10:20:40,180 Not find: blk_5978265573904271474
2025-09-23 10:20:40,180 Not find: blk_7234346856930822716
2025-09-24 10:24:12,346 Not find: sink_flow_453
2025-09-24 10:25:04,872 Not find: sync_result_topic312
2025-09-24 10:25:11,935 Not find: sync_valve1
2025-09-24 10:25:14,250 Not find: sync_SegmentAutovalve0
2025-09-24 10:25:17,959 Not find: result_topic
2025-09-24 10:26:40,296 No antonyms: console
2025-09-24 10:26:40,302 Not find: sync_klasl0
2025-09-24 10:26:40,303 No antonyms: controller
2025-09-24 10:26:40,303 Not find: test_dd
2025-09-24 10:26:40,303 Not find: onePartition01
2025-09-24 10:26:40,304 Not find: joingkback
2025-09-24 10:26:40,304 Not find: outToes
2025-09-24 10:26:40,307 No antonyms: but
2025-09-24 10:26:40,307 Not find: utils
2025-09-24 10:26:40,307 Not find: alertrule
2025-09-24 10:26:40,309 No antonyms: skip
2025-09-24 10:26:40,309 Not find: OfflineReplica
2025-09-24 10:26:40,309 Not find: testSQL
2025-09-24 10:26:40,309 No antonyms: Topic
2025-09-24 10:26:40,312 No antonyms: channel
2025-09-24 10:26:40,312 Not find: alert_message_easter
2025-09-24 10:26:40,312 Not find: testout_007
2025-09-24 10:26:40,312 Not find: downconversion
2025-09-24 10:26:40,313 Not find: gobackJoinOut
2025-09-24 10:26:40,313 Not find: valve_segment1
2025-09-24 10:26:40,320 Not find: sync_afsdkjladsd1
2025-09-24 10:26:40,320 No antonyms: INFO
2025-09-24 10:26:40,321 No antonyms: partition
2025-09-24 10:26:40,321 Not find: ReplicaDeletionIneligible
2025-09-24 10:26:40,321 Not find: '
2025-09-24 10:26:40,322 Not find: sink_table_669_copy
2025-09-24 10:26:40,322 Not find: dodb_topic_log_analyse6153
2025-09-24 10:26:40,322 Not find: artemis_msg_result
2025-09-24 10:26:40,323 Not find: fetchData
2025-09-24 10:26:40,323 Not find: toForget
2025-09-24 10:26:40,323 Not find: metric_detect_result_topic_218
2025-09-24 10:26:40,324 No antonyms: caused
2025-09-24 10:26:40,325 No antonyms: logs
2025-09-24 10:26:40,325 No antonyms: DEBUG
2025-09-24 10:26:40,325 Not find: sync_result_topic314
2025-09-24 10:26:40,327 No antonyms: threads
2025-09-24 10:26:40,327 Not find: MetricStreamWorker
2025-09-24 10:26:40,327 Not find: test_tj_topn
2025-09-24 10:26:40,327 Not find: ReplicaFetcher
2025-09-24 10:26:40,327 Not find: juhe_integer_sc
2025-09-24 10:26:40,328 Not find: {topic
2025-09-24 10:26:40,328 Not find: leader's
2025-09-24 10:26:40,328 Not find: timestamp
2025-09-24 10:26:40,329 No antonyms: server
2025-09-24 10:26:40,329 Not find: fetchers
2025-09-24 10:26:40,330 No antonyms: truncation
2025-09-24 10:26:40,330 Not find: testJuhe
2025-09-24 10:26:40,331 Not find: aops_aopc_metric_service_original
2025-09-24 10:26:40,334 Not find: dir
2025-09-24 10:26:40,335 No antonyms: transition
2025-09-24 10:26:40,336 No antonyms: Processor
2025-09-24 10:26:40,336 Not find: tsb
2025-09-24 10:26:40,336 Not find: UpdateMetadata
2025-09-24 10:26:40,337 Not find: mobileAgentTopic
2025-09-24 10:26:40,337 Not find: ListBuffer
2025-09-24 10:26:40,337 Not find: max_num2
2025-09-24 10:26:40,337 Not find: nodeAgentTopic
2025-09-24 10:26:40,337 Not find: mili03043
2025-09-24 10:26:40,338 Not find: aops_aopc_metric_service
2025-09-24 10:26:40,338 Not find: {}
2025-09-24 10:26:40,338 Not find: metric_service_original
2025-09-24 10:26:40,338 Not find: testTopicShuju
2025-09-24 10:26:40,340 No antonyms: as
2025-09-24 10:26:40,340 Not find: NonExistentPartition
2025-09-24 10:26:40,347 No antonyms: Shutdown
2025-09-24 10:26:40,347 No antonyms: reassigned
2025-09-24 10:26:40,351 No antonyms: Controller
2025-09-24 10:26:40,352 Not find: sync_asjjkas1
2025-09-24 10:26:40,357 Not find: tmp
2025-09-24 10:26:40,361 Not find: silence_baseline6
2025-09-24 10:26:40,361 Not find: jvmAgentTopic
2025-09-24 10:26:40,362 No antonyms: segment
2025-09-24 10:26:40,363 Not find: KafkaApis
2025-09-24 10:26:40,363 Not find: wave_detection1
2025-09-24 10:26:40,363 Not find: ReplicaFetcherThread
2025-09-24 10:26:40,363 Not find: KafkaScheduler
2025-09-24 10:26:40,363 Not find: cannot
2025-09-24 10:26:40,363 Not find: testSuan
2025-09-24 10:26:40,364 Not find: kafka1
2025-09-24 10:26:40,364 No antonyms: while
2025-09-24 10:26:40,364 Not find: doia_metric_datasource
2025-09-24 10:26:40,366 Not find: StopReplicaRequest
2025-09-24 10:26:40,367 Not find: deletable
2025-09-24 10:26:40,367 Not find: juhe
2025-09-24 10:26:40,367 Not find: onePartition02
2025-09-24 10:26:40,368 Not find: dommtestwindows
2025-09-24 10:26:40,369 No antonyms: broker
2025-09-24 10:26:40,369 Not find: dodb_topic_218
2025-09-24 10:26:40,369 Not find: marytopic
2025-09-24 10:26:40,372 Not find: baseline2
2025-09-24 10:26:40,372 Not find: dataflow008
2025-09-24 10:26:40,376 No antonyms: transitioned
2025-09-24 10:26:40,376 Not find: org
2025-09-24 10:26:40,376 Not find: LeaveGroup
2025-09-24 10:26:40,376 Not find: artemis_msg
2025-09-24 10:26:40,376 Not find: remote_call_topic312
2025-09-24 10:26:40,377 Not find: kafkaout
2025-09-24 10:26:40,377 Not find: sink_flow_10230
2025-09-24 10:26:40,377 No antonyms: listener
2025-09-24 10:26:40,381 No antonyms: Writing
2025-09-24 10:26:40,381 No antonyms: session
2025-09-24 10:26:40,381 Not find: CreateTime
2025-09-24 10:26:40,382 Not find: metric_detect_result_topic_kt
2025-09-24 10:26:40,388 Not find: kafka_out_7
2025-09-24 10:26:40,388 Not find: sync_seg_ment0
2025-09-24 10:26:40,391 No antonyms: rule
2025-09-24 10:26:40,391 Not find: AdminZkClient
2025-09-24 10:26:40,391 Not find: KafkaController
2025-09-24 10:26:40,392 Not find: wave_real1
2025-09-24 10:26:40,392 Not find: source_flow_671
2025-09-24 10:26:40,392 Not find: test_acc
2025-09-24 10:26:40,395 No antonyms: Removed
2025-09-24 10:26:40,404 Not find: sync_asdfj1
2025-09-24 10:26:40,404 No antonyms: acceptor
2025-09-24 10:26:40,405 Not find: sync_baseline2
2025-09-24 10:26:40,406 No antonyms: group
2025-09-24 10:26:40,409 No antonyms: process
2025-09-24 10:26:40,409 Not find: ciChangeNotifyTopic@notify
2025-09-24 10:26:40,409 Not find: NonExistentReplica
2025-09-24 10:26:40,409 Not find: ZooKeeperClient
2025-09-24 10:26:40,409 Not find: the
2025-09-24 10:26:40,411 No antonyms: ERROR
2025-09-24 10:26:40,416 No antonyms: snapshot
2025-09-24 10:26:40,416 No antonyms: till
2025-09-24 10:26:40,420 No antonyms: addresses
2025-09-24 10:26:40,420 Not find: max_num6
2025-09-24 10:26:40,420 Not find: sync_value2
2025-09-24 10:26:40,421 No antonyms: Map
2025-09-24 10:26:40,422 Not find: jre
2025-09-24 10:26:40,422 Not find: LogSegment
2025-09-24 10:26:40,422 Not find: partitionStates
2025-09-24 10:26:40,426 No antonyms: version
2025-09-24 10:26:40,427 Not find: sync_DynamicBaseline0
2025-09-24 10:26:40,427 Not find: jackcx
2025-09-24 10:26:40,427 Not find: testin
2025-09-24 10:26:40,428 Not find: minBytes
2025-09-24 10:26:40,428 Not find: clickhouse
2025-09-24 10:26:40,428 Not find: sink_flow_669
2025-09-24 10:26:40,428 Not find: doucAdmin
2025-09-24 10:26:40,428 Not find: sync_valve_segment1
2025-09-24 10:26:40,429 No antonyms: Replica
2025-09-24 10:26:40,431 No antonyms: metadata
2025-09-24 10:26:40,431 No antonyms: compaction
2025-09-24 10:26:40,431 Not find: {zabbix_data_easter
2025-09-24 10:26:40,432 Not find: huadongOut
2025-09-24 10:26:40,432 Not find: source_flow_54
2025-09-24 10:26:40,433 Not find: max_num10
2025-09-24 10:26:40,433 Not find: }
2025-09-24 10:26:40,436 Not find: outTopn
2025-09-24 10:26:40,436 Not find: Uncaught
2025-09-24 10:26:40,436 Not find: testtiaojian
2025-09-24 10:26:40,437 No antonyms: producer
2025-09-24 10:26:40,437 Not find: testSuanOUt
2025-09-24 10:26:40,438 Not find: doia_metric_service_original
2025-09-24 10:26:40,438 No antonyms: not
2025-09-24 10:26:40,438 Not find: afsdkjladsd1
2025-09-24 10:26:40,438 No antonyms: replica
2025-09-24 10:26:40,441 No antonyms: send
2025-09-24 10:26:40,441 Not find: sys_baseline2
2025-09-24 10:26:40,441 Not find: doucMotanRpc
2025-09-24 10:26:40,441 Not find: ciChangeNotifyTopic
2025-09-24 10:26:40,441 Not find: Incrementing
2025-09-24 10:26:40,444 Not find: highwatermark
2025-09-24 10:26:40,444 Not find: alert_message
2025-09-24 10:26:40,446 No antonyms: factor
2025-09-24 10:26:40,447 Not find: baseline0
2025-09-24 10:26:40,448 Not find: jiaohangleiji
2025-09-24 10:26:40,448 Not find: seg_ment0
2025-09-24 10:26:40,448 Not find: sync_TEST1
2025-09-24 10:26:40,450 No antonyms: assignment
2025-09-24 10:26:40,450 Not find: yzhx
2025-09-24 10:26:40,450 Not find: doucSso
2025-09-24 10:26:40,450 Not find: kafka_out_topn
2025-09-24 10:26:40,450 Not find: since
2025-09-24 10:26:40,452 No antonyms: corrupted
2025-09-24 10:26:40,453 Not find: testout1
2025-09-24 10:26:40,454 Not find: javaAgentTopic
2025-09-24 10:26:40,454 Not find: yunsuanTopic
2025-09-24 10:26:40,454 Not find: ajaxAgentTopic
2025-09-24 10:26:40,457 No antonyms: rack
2025-09-24 10:26:40,457 Not find: RequestSendThread
2025-09-24 10:26:40,461 Not find: ghi0
2025-09-24 10:26:40,462 Not find: ListenerName
2025-09-24 10:26:40,464 Not find: source_flow_683
2025-09-24 10:26:40,464 Not find: source_flow_10232
2025-09-24 10:26:40,464 Not find: DynamicBaseline0
2025-09-24 10:26:40,465 Not find: result_topic_218
2025-09-24 10:26:40,466 No antonyms: response
2025-09-24 10:26:40,466 Not find: tsbTopic
2025-09-24 10:26:40,466 Not find: factor'
2025-09-24 10:26:40,466 Not find: GroupCoordinator
2025-09-24 10:26:40,468 No antonyms: timed
2025-09-24 10:26:40,468 Not find: maxWait
2025-09-24 10:26:40,470 No antonyms: msg
2025-09-24 10:26:40,471 Not find: {testtopicOut
2025-09-24 10:26:40,471 Not find: snapshot'
2025-09-24 10:26:40,479 Not find: FetchRequest
2025-09-24 10:26:40,482 Not find: pyy01
2025-09-24 10:26:40,482 Not find: baseline6
2025-09-24 10:26:40,482 Not find: topictopn
2025-09-24 10:26:40,482 Not find: source_669_copy
2025-09-24 10:26:40,482 Not find: test01
2025-09-24 10:26:40,482 Not find: sync_baseline3
2025-09-24 10:26:40,483 Not find: sync_value0
2025-09-24 10:26:40,483 Not find: sqlUdfTopic
2025-09-24 10:26:40,483 Not find: tiaojianOut
2025-09-24 10:26:40,483 Not find: remote_call_consumer04
2025-09-24 10:26:40,484 No antonyms: prior
2025-09-24 10:26:40,485 No antonyms: Previous
2025-09-24 10:26:40,485 Not find: Autovalve0
2025-09-24 10:26:40,486 Not find: gkl0
2025-09-24 10:26:40,486 Not find: fetchOffset
2025-09-24 10:26:40,487 No antonyms: min
2025-09-24 10:26:40,487 Not find: kafka_out
2025-09-24 10:26:40,487 No antonyms: rebuilding
2025-09-24 10:26:40,489 No antonyms: Preparing
2025-09-24 10:26:40,490 Not find: gobackJoin
2025-09-24 10:26:40,490 Not find: PartitionState
2025-09-24 10:26:40,490 Not find: sync_result_topic
2025-09-24 10:26:40,491 Not find: topic_qc_topn
2025-09-24 10:26:40,495 No antonyms: pattern
2025-09-24 10:26:40,495 Not find: endOffset
2025-09-24 10:26:40,495 Not find: onePartition01Out
2025-09-24 10:26:40,495 Not find: ZooKeeper
2025-09-24 10:26:40,495 Not find: bug829
2025-09-24 10:26:40,495 Not find: qcJoin
2025-09-24 10:26:40,496 Not find: MetadataRequest
2025-09-24 10:26:40,498 No antonyms: plane
2025-09-24 10:26:40,498 Not find: testout00
2025-09-24 10:26:40,498 Not find: IV1
2025-09-24 10:26:40,498 Not find: juhe_acc
2025-09-24 10:26:40,498 Not find: out01
2025-09-24 10:26:40,498 Not find: if
2025-09-24 10:26:40,499 Not find: remote_call_topic
2025-09-24 10:26:40,499 Not find: source_flow_45
2025-09-24 10:26:40,499 Not find: Tue
2025-09-24 10:26:40,499 Not find: javaConsumer
2025-09-24 10:26:40,499 Not find: error_code
2025-09-24 10:26:40,499 Not find: cdcTopic
2025-09-24 10:26:40,500 Not find: LeaderAndIsRequest
2025-09-24 10:26:40,500 Not find: via
2025-09-24 10:26:40,500 Not find: sync_gkl0
2025-09-24 10:26:40,501 No antonyms: Cache
2025-09-24 10:26:40,503 Not find: brokerEpoch
2025-09-24 10:26:40,503 Not find: ControllerEventThread
2025-09-24 10:26:40,503 Not find: original_metric_monitor_datasource
2025-09-24 10:26:40,503 Not find: sync_hhhd1
2025-09-24 10:26:40,505 No antonyms: reason
2025-09-24 10:26:40,505 Not find: monitor_original_metric_data_3
2025-09-24 10:26:40,505 Not find: sync_baseline1
2025-09-24 10:26:40,506 Not find: sync_valve2
2025-09-24 10:26:40,506 Not find: aops_aopc_metric_service_original_cmdb
2025-09-24 10:26:40,506 Not find: sync_result_topic_218
2025-09-24 10:26:40,506 Not find: which
2025-09-24 10:26:40,506 Not find: el7
2025-09-24 10:26:40,507 No antonyms: message
2025-09-24 10:26:40,507 Not find: jkb
2025-09-24 10:26:40,508 No antonyms: Startup
2025-09-24 10:26:40,509 No antonyms: Wed
2025-09-24 10:26:40,509 Not find: to
2025-09-24 10:26:40,509 Not find: sync_Autovalve0
2025-09-24 10:26:40,509 Not find: plo01
2025-09-24 10:26:40,510 No antonyms: prod
2025-09-24 10:26:40,511 Not find: outqcTable
2025-09-24 10:26:40,511 Not find: kafka_out_4
2025-09-24 10:26:40,511 Not find: dodb_topic_log_analyse
2025-09-24 10:26:40,511 Not find: insync
2025-09-24 10:26:40,511 Not find: jackcs1
2025-09-24 10:26:40,511 Not find: topnTopic
2025-09-24 10:26:40,512 Not find: topnOutTopic
2025-09-24 10:26:40,512 Not find: dodb_topic6153
2025-09-24 10:26:40,512 Not find: silence03043
2025-09-24 10:26:40,512 Not find: kaf0207
2025-09-24 10:26:40,512 Not find: artemis_msg_resultTest
2025-09-24 10:26:40,512 Not find: isolationLevel
2025-09-24 10:26:40,513 No antonyms: removing
2025-09-24 10:26:40,516 Not find: testkafka
2025-09-24 10:26:40,516 Not find: StoreWorker
2025-09-24 10:26:40,517 Not find: suan
2025-09-24 10:26:40,517 Not find: isr
2025-09-24 10:26:40,517 Not find: kafkak_in_001
2025-09-24 10:26:40,518 Not find: sync_baseline_1
2025-09-24 10:26:40,518 Not find: BrokerEndPoint
2025-09-24 10:26:40,518 No antonyms: log
2025-09-24 10:26:40,518 Not find: alertmessages1
2025-09-24 10:26:40,519 No antonyms: map
2025-09-24 10:26:40,519 Not find: metric_detect_result_topic
2025-09-24 10:26:40,520 No antonyms: recovery
2025-09-24 10:26:40,524 Not find: controllerId
2025-09-24 10:26:40,524 Not find: SegmentAutovalve0
2025-09-24 10:26:40,524 Not find: testout_005
2025-09-24 10:26:40,525 Not find: czxid
2025-09-24 10:26:40,526 No antonyms: cluster
2025-09-24 10:26:40,529 Not find: leaderEpoch
2025-09-24 10:26:40,529 Not find: sqlTopicOut
2025-09-24 10:26:40,531 No antonyms: entries
2025-09-24 10:26:40,533 Not find: qchuadong
2025-09-24 10:26:40,533 Not find: chongfuTopic
2025-09-24 10:26:40,534 No antonyms: updating
2025-09-24 10:26:40,534 No antonyms: shutdown
2025-09-24 10:26:40,535 No antonyms: NONE
2025-09-24 10:26:40,535 Not find: topic_group_process_bucket
2025-09-24 10:26:40,535 No antonyms: prom
2025-09-24 10:26:40,535 Not find: topN_maoyan_sc
2025-09-24 10:26:40,540 Not find: x86_64
2025-09-24 10:26:40,541 No antonyms: file
2025-09-24 10:26:40,543 No antonyms: result
2025-09-24 10:26:40,543 Not find: topic_incident_process_bucket
2025-09-24 10:26:40,543 Not find: zhangxv1998
2025-09-24 10:26:40,544 No antonyms: update
2025-09-24 10:26:40,544 No antonyms: tt
2025-09-24 10:26:40,545 Not find: LogManager
2025-09-24 10:26:40,545 No antonyms: attempting
2025-09-24 10:26:40,546 No antonyms: Scheduling
2025-09-24 10:26:40,547 No antonyms: os
2025-09-24 10:26:40,548 Not find: EventThread
2025-09-24 10:26:40,548 Not find: pythonAgentTopic
2025-09-24 10:26:40,548 Not find: EpochEntry
2025-09-24 10:26:40,548 Not find: juhe_leiji
2025-09-24 10:26:40,549 No antonyms: Auto
2025-09-24 10:26:40,552 No antonyms: zero
2025-09-24 10:26:40,554 No antonyms: replication
2025-09-24 10:26:40,554 Not find: zabbix_data_easter
2025-09-24 10:26:40,554 Not find: topn_qc_topic
2025-09-24 10:26:40,554 Not find: sink_flow_10229
2025-09-24 10:26:40,554 Not find: PLAINTEXT
2025-09-24 10:26:40,556 No antonyms: Epoch
2025-09-24 10:26:40,556 Not find: sessionid
2025-09-24 10:26:40,561 Not find: source_10223
2025-09-24 10:26:40,562 No antonyms: retaining
2025-09-24 10:26:40,562 No antonyms: algorithm
2025-09-24 10:26:40,564 Not find: phpAgentTopic
2025-09-24 10:26:40,564 Not find: sync_wave_detection1
2025-09-24 10:26:40,565 Not find: sync_result_topic6153
2025-09-24 10:26:40,565 Not find: metric_detect_result_topi
2025-09-24 10:26:40,566 No antonyms: machine
2025-09-24 10:26:40,568 Not find: order_out
2025-09-24 10:26:40,569 Not find: sync_value1
2025-09-24 10:26:40,569 Not find: PipelineWorker
2025-09-24 10:26:40,569 No antonyms: exception
2025-09-24 10:26:40,571 No antonyms: creation
2025-09-24 10:26:40,571 Not find: topic_incident_assign_bucket
2025-09-24 10:26:40,572 No antonyms: after
2025-09-24 10:26:40,572 No antonyms: ids
2025-09-24 10:26:40,572 Not find: cmdb
2025-09-24 10:26:40,573 Not find: max_num4
2025-09-24 10:26:40,573 Not find: 'kafka
2025-09-24 10:26:40,573 Not find: testout2
2025-09-24 10:26:40,574 No antonyms: become
2025-09-24 10:26:40,576 Not find: wechatTopic
2025-09-24 10:26:40,577 No antonyms: consumer
2025-09-24 10:26:40,577 Not find: max_num1
2025-09-24 10:26:40,578 No antonyms: Handling
2025-09-24 10:26:40,578 Not find: dodb_topic_log_analyse312
2025-09-24 10:26:40,581 Not find: appData
2025-09-24 10:26:40,581 Not find: PreparingRebalance
2025-09-24 10:26:40,582 No antonyms: boundaries
2025-09-24 10:26:40,582 Not find: jvmConsumer
2025-09-24 10:26:40,582 Not find: topnTopicOut
2025-09-24 10:26:40,582 No antonyms: Group
2025-09-24 10:26:40,583 Not find: wave_detection_realtime1
2025-09-24 10:26:40,583 Not find: Thu
2025-09-24 10:26:40,583 Not find: sync_valve0
2025-09-24 10:26:40,583 No antonyms: directory
2025-09-24 10:26:40,584 Not find: OfflinePartition
2025-09-24 10:26:40,584 Not find: highWatermark
2025-09-24 10:26:40,584 Not find: __consumer_offsets
2025-09-24 10:26:40,584 No antonyms: messages
2025-09-24 10:26:40,585 Not find: testout3
2025-09-24 10:26:40,585 Not find: testnew
2025-09-24 10:26:40,585 Not find: succ_rate
2025-09-24 10:26:40,585 Not find: sync_abc0
2025-09-24 10:26:40,585 Not find: offlineReplicas
2025-09-24 10:26:40,585 Not find: nbdServer
2025-09-24 10:26:40,586 Not find: testTopicOut
2025-09-24 10:26:40,587 No antonyms: generation
2025-09-24 10:26:40,588 No antonyms: in
2025-09-24 10:26:40,588 No antonyms: an
2025-09-24 10:26:40,589 No antonyms: now
2025-09-24 10:26:40,590 No antonyms: max
2025-09-24 10:26:40,590 Not find: isNew
2025-09-24 10:26:40,590 Not find: LeaderAndIsrRequest
2025-09-24 10:26:40,590 Not find: testkafkadoem
2025-09-24 10:26:40,591 Not find: tiaojian_topic
2025-09-24 10:26:40,591 Not find: dotnetAgentTopic
2025-09-24 10:26:40,591 No antonyms: expiration
2025-09-24 10:26:40,592 Not find: sync_wave0
2025-09-24 10:26:40,592 Not find: sync_def0
2025-09-24 10:26:40,592 Not find: wechatAgentTopic
2025-09-24 10:26:40,592 No antonyms: checkpoint
2025-09-24 10:26:40,592 Not find: warterTime01
2025-09-24 10:26:40,593 No antonyms: null
2025-09-24 10:26:40,593 Not find: sync_jaksfjhaks1
2025-09-24 10:26:40,593 Not find: out02
2025-09-24 10:26:40,593 Not find: source_10230
2025-09-24 10:26:40,593 Not find: air002
2025-09-24 10:26:40,594 No antonyms: Fri
2025-09-24 10:26:40,594 No antonyms: ratio
2025-09-24 10:26:40,595 Not find: {sync_valve1
2025-09-24 10:26:40,595 Not find: sync_WaveDetection0
2025-09-24 10:26:40,595 No antonyms: election
2025-09-24 10:26:40,596 Not find: sink_flow_10223
2025-09-24 10:26:40,597 No antonyms: Created
2025-09-24 10:26:40,597 Not find: into
2025-09-24 10:26:40,598 No antonyms: request
2025-09-24 10:26:40,599 No antonyms: apache
2025-09-24 10:26:40,599 Not find: app
2025-09-24 10:26:40,599 Not find: KafkaZkClient
2025-09-24 10:26:40,599 Not find: {compression
2025-09-24 10:26:40,600 Not find: sink_flow_671
2025-09-24 10:26:40,600 Not find: value2
2025-09-24 10:26:40,600 Not find: outManyTopic
2025-09-24 10:26:40,602 Not find: jaksfjhaks1
2025-09-24 10:26:40,603 Not find: lmn0
2025-09-24 10:26:40,603 Not find: Jun
2025-09-24 10:26:40,603 Not find: juhe_sc
2025-09-24 10:26:40,603 Not find: sync_wave_real1
2025-09-24 10:26:40,603 Not find: sink_flow_452
2025-09-24 10:26:40,603 Not find: testSQLOut
2025-09-24 10:26:40,604 Not find: CodeConsumer
2025-09-24 10:26:40,604 Not find: testSQLTopic
2025-09-24 10:26:40,604 Not find: juheOut
2025-09-24 10:26:40,609 Not find: NewPartition
2025-09-24 10:26:40,609 Not find: with
2025-09-24 10:26:40,611 Not find: testEnglish
2025-09-24 10:26:40,611 Not find: sync_herry3
2025-09-24 10:26:40,612 Not find: doucDubboRpc
2025-09-24 10:26:40,612 No antonyms: thread
2025-09-24 10:26:40,612 Not find: sync_ghi0
2025-09-24 10:26:40,612 Not find: goAgentTopic
2025-09-24 10:26:40,617 No antonyms: files
2025-09-24 10:26:40,617 No antonyms: watermark
2025-09-24 10:26:40,617 Not find: sync_wave_detection_realtime1
2025-09-24 10:26:40,618 No antonyms: jitter
2025-09-24 10:26:40,618 No antonyms: tombstones
2025-09-24 10:26:40,618 Not find: BrokerModifications
2025-09-24 10:26:40,619 No antonyms: bytes
2025-09-24 10:26:40,619 No antonyms: io
2025-09-24 10:26:40,623 Not find: warterTopicOut
2025-09-24 10:26:40,623 Not find: ReplicaFetcherManager
2025-09-24 10:26:40,624 No antonyms: yet
2025-09-24 10:26:40,624 Not find: @consumer
2025-09-24 10:26:40,624 Not find: artemis_msgsg
2025-09-24 10:26:40,626 No antonyms: signal
2025-09-24 10:26:40,626 Not find: zhangxv
2025-09-24 10:26:40,627 Not find: remote_call_topic6153
2025-09-24 10:26:40,627 Not find: source_55
2025-09-24 10:26:40,630 Not find: valve3
2025-09-24 10:26:40,630 Not find: LeaderEpochFileCache
2025-09-24 10:26:40,631 Not find: valve1
2025-09-24 10:26:40,631 Not find: original_new_data
2025-09-24 10:26:40,631 Not find: metric_original_data_topic_easter
2025-09-24 10:26:40,631 No antonyms: Log
2025-09-24 10:26:40,634 Not find: source_669_copy1
2025-09-24 10:26:40,634 No antonyms: brokers
2025-09-24 10:26:40,634 Not find: juhe_integer
2025-09-24 10:26:40,634 Not find: NewReplica
2025-09-24 10:26:40,636 No antonyms: heard
2025-09-24 10:26:40,636 Not find: ProducerStateManager
2025-09-24 10:26:40,636 Not find: sync_silence_baseline6
2025-09-24 10:26:40,636 Not find: max_num3
2025-09-24 10:26:40,636 Not find: metric_original_data_topic
2025-09-24 10:26:40,637 No antonyms: Error
2025-09-24 10:26:40,637 Not find: {max_num8
2025-09-24 10:26:40,637 Not find: pageAgentTopic
2025-09-24 10:26:40,637 No antonyms: error
2025-09-24 10:26:40,641 Not find: ckkafka3
2025-09-24 10:26:40,642 No antonyms: configuration
2025-09-24 10:26:40,642 Not find: GroupMetadataManager
2025-09-24 10:26:40,642 Not find: KafkaApi
2025-09-24 10:26:40,646 No antonyms: Sending
2025-09-24 10:26:40,647 No antonyms: data
2025-09-24 10:26:40,647 No antonyms: Updating
2025-09-24 10:26:40,648 No antonyms: already
2025-09-24 10:26:40,648 No antonyms: configured
2025-09-24 10:26:40,649 Not find: zkVersion
2025-09-24 10:26:40,649 Not find: dbpoolAgentTopic
2025-09-24 10:26:40,655 Not find: onePartitionOut02
2025-09-24 10:26:40,655 Not find: testout
2025-09-24 10:26:40,655 No antonyms: kafka
2025-09-24 10:26:40,655 Not find: WaveDetection0
2025-09-24 10:26:40,656 Not find: ciListener
2025-09-24 10:26:40,657 Not find: topN_maoyan
2025-09-24 10:26:40,657 Not find: max_num7
2025-09-24 10:26:40,658 No antonyms: info
2025-09-24 10:26:40,658 Not find: UNKNOWN_LEADER_EPOCH
2025-09-24 10:26:40,659 No antonyms: at
2025-09-24 10:26:40,659 Not find: ControllerEventManager$ControllerEventThread
2025-09-24 10:26:40,659 No antonyms: logger
2025-09-24 10:26:40,660 No antonyms: Completed
2025-09-24 10:26:40,661 No antonyms: initial
2025-09-24 10:26:40,662 No antonyms: retention
2025-09-24 10:26:40,662 Not find: that
2025-09-24 10:26:40,662 No antonyms: Mon
2025-09-24 10:26:40,663 Not find: onePartitionOut03
2025-09-24 10:26:40,663 Not find: artemis_root
2025-09-24 10:26:40,664 Not find: because
2025-09-24 10:26:40,664 Not find: ffy001
2025-09-24 10:26:40,664 Not find: leaderId
2025-09-24 10:26:40,664 No antonyms: cleanup
2025-09-24 10:26:40,674 Not find: fetcher
2025-09-24 10:26:40,674 Not find: {max_num3
2025-09-24 10:26:40,674 Not find: source_669
2025-09-24 10:26:40,674 Not find: baseline3
2025-09-24 10:26:40,675 Not find: cora_test
2025-09-24 10:26:40,675 Not find: valve2
2025-09-24 10:26:40,676 No antonyms: heartbeat
2025-09-24 10:26:40,681 No antonyms: Number
2025-09-24 10:26:40,683 Not find: of
2025-09-24 10:26:40,683 Not find: sync_baseline0
2025-09-24 10:26:40,683 Not find: sync_WaveDetectionRealtime0
2025-09-24 10:26:40,683 Not find: KafkaServer
2025-09-24 10:26:40,684 Not find: alter_message
2025-09-24 10:26:40,684 Not find: SocketServer
2025-09-24 10:26:40,684 No antonyms: policy
2025-09-24 10:26:40,685 No antonyms: Mar
2025-09-24 10:26:40,686 No antonyms: partitions
2025-09-24 10:26:40,686 No antonyms: replicas
2025-09-24 10:26:40,691 No antonyms: handler
2025-09-24 10:26:40,691 Not find: max_num5
2025-09-24 10:26:40,691 Not find: checkpointed
2025-09-24 10:26:40,692 Not find: agentTopic
2025-09-24 10:26:40,692 Not find: slert_message
2025-09-24 10:26:40,692 Not find: kafka_out_test
2025-09-24 10:26:40,692 Not find: ClientCnxn
2025-09-24 10:26:40,692 Not find: sink_topn_test
2025-09-24 10:26:40,693 No antonyms: entry
2025-09-24 10:26:40,693 Not find: sync_valve3
2025-09-24 10:26:40,693 Not find: rdkafka
2025-09-24 10:26:40,693 Not find: result_topic6153
2025-09-24 10:26:40,693 Not find: sql_suanzi_sc
2025-09-24 10:26:40,693 Not find: jackcx2
2025-09-24 10:26:40,694 No antonyms: Reset
2025-09-24 10:26:40,694 Not find: consumer3
2025-09-24 10:26:40,694 Not find: {error_code
2025-09-24 10:26:40,695 Not find: healthTopic
2025-09-24 10:26:40,697 No antonyms: Brokers
2025-09-24 10:26:40,697 Not find: dola_siddhi_result
2025-09-24 10:26:40,697 No antonyms: Retrying
2025-09-24 10:26:40,697 Not find: correlationId
2025-09-24 10:26:40,699 No antonyms: monitor
2025-09-24 10:26:40,699 No antonyms: cleanable
2025-09-24 10:26:40,701 No antonyms: test
2025-09-24 10:26:40,702 Not find: source_flow_10244
2025-09-24 10:26:40,702 Not find: ISR
2025-09-24 10:26:40,702 No antonyms: Creating
2025-09-24 10:26:40,703 No antonyms: Broker
2025-09-24 10:26:40,703 Not find: ckkafka2
2025-09-24 10:26:40,704 No antonyms: L
2025-09-24 10:26:40,704 Not find: sessionId
2025-09-24 10:26:40,705 No antonyms: path
2025-09-24 10:26:40,705 No antonyms: its
2025-09-24 10:26:40,705 Not find: {wave_detection_realtime1
2025-09-24 10:26:40,706 Not find: cfData
2025-09-24 10:26:40,706 Not find: sink_flow_669_copy
2025-09-24 10:26:40,706 No antonyms: by
2025-09-24 10:26:40,706 Not find: sync_ajdfkhashjdd1
2025-09-24 10:26:40,707 Not find: outToes_result
2025-09-24 10:26:40,707 No antonyms: Cached
2025-09-24 10:26:40,708 No antonyms: list
2025-09-24 10:26:40,708 Not find: zk
2025-09-24 10:26:40,709 No antonyms: Sun
2025-09-24 10:26:40,710 Not find: gg
2025-09-24 10:26:40,710 Not find: 4001ms
2025-09-24 10:26:40,710 Not find: valve4
2025-09-24 10:26:40,710 Not find: OnlinePartition
2025-09-24 10:26:40,710 Not find: topic1
2025-09-24 10:26:40,712 No antonyms: lag
2025-09-24 10:26:40,712 Not find: doucZabbixApi
2025-09-24 10:26:40,713 Not find: monitor_original_metric_data
2025-09-24 10:26:40,713 Not find: testShuju
2025-09-24 10:26:40,713 Not find: dirs
2025-09-24 10:26:40,713 Not find: qcSmoke
2025-09-24 10:26:40,713 Not find: from
2025-09-24 10:26:40,714 No antonyms: correlation
2025-09-24 10:26:40,715 Not find: LogDirFailureChannel
2025-09-24 10:26:40,715 Not find: startOffset
2025-09-24 10:26:40,715 Not find: test_acc1
2025-09-24 10:26:40,716 Not find: preallocate
2025-09-24 10:26:40,716 Not find: PartitionStateMachine
2025-09-24 10:26:40,716 No antonyms: environment
2025-09-24 10:26:40,717 No antonyms: segments
2025-09-24 10:26:40,717 Not find: sync_valve4
2025-09-24 10:26:40,717 Not find: testtopicOut
2025-09-24 10:26:40,717 Not find: alertMessage
2025-09-24 10:26:40,719 Not find: sink_flow_669_copy1
2025-09-24 10:26:40,719 Not find: original_data
2025-09-24 10:26:40,719 Not find: metric_original_data_topic314
2025-09-24 10:26:40,720 No antonyms: it
2025-09-24 10:26:40,720 Not find: qcjoinOutTable
2025-09-24 10:26:40,720 Not find: max_num9
2025-09-24 10:26:40,720 Not find: source_flow_10229
2025-09-24 10:26:40,726 Not find: and
2025-09-24 10:26:40,726 Not find: TEST1
2025-09-24 10:26:40,728 Not find: DOIA
2025-09-24 10:26:40,728 Not find: jdk1
2025-09-24 10:26:40,728 Not find: fdgh
2025-09-24 10:26:40,731 No antonyms: Building
2025-09-24 10:26:40,731 No antonyms: topics
2025-09-24 10:26:40,731 Not find: hw
2025-09-24 10:26:40,731 No antonyms: List
2025-09-24 10:26:40,732 Not find: dodb_topic312
2025-09-24 10:26:40,732 Not find: result_topic314
2025-09-24 10:26:40,732 Not find: testkafka_001
2025-09-24 10:26:40,732 Not find: valve0
2025-09-24 10:26:40,732 Not find: source_flow_55
2025-09-24 10:26:40,733 Not find: OnlineReplica
2025-09-24 10:26:40,733 Not find: testtopic
2025-09-24 10:26:40,733 No antonyms: completing
2025-09-24 10:26:40,734 Not find: hostConsumer
2025-09-24 10:26:40,745 Not find: kaf0107
2025-09-24 10:26:40,745 Not find: bigdata
2025-09-24 10:26:40,746 No antonyms: Truncating
2025-09-24 10:26:40,746 Not find: sync_baseline6
2025-09-24 10:26:40,746 Not find: LogCleaner
2025-09-24 10:26:40,748 No antonyms: Register
2025-09-24 10:26:40,748 Not find: hhhd1
2025-09-24 10:26:40,749 No antonyms: index
2025-09-24 10:26:40,749 Not find: 'offsets
2025-09-24 10:26:40,750 Not find: doucApi
2025-09-24 10:26:40,750 Not find: hostAgentTopic
2025-09-24 10:26:40,750 Not find: LEADER_AND_ISR
2025-09-24 10:26:40,751 No antonyms: Truncated
2025-09-24 10:26:40,756 No antonyms: base
2025-09-24 10:26:40,756 Not find: prom_metric_data
2025-09-24 10:26:40,756 Not find: result_topic312
2025-09-24 10:26:40,757 No antonyms: Initializing
2025-09-24 10:26:40,757 Not find: testtopicout
2025-09-24 10:26:40,757 Not find: easter_original_metric_data
2025-09-24 10:26:40,758 Not find: healthTopic_easter
2025-09-24 10:26:40,758 Not find: currentLeaderEpoch
2025-09-24 10:26:40,759 No antonyms: WARN
2025-09-24 10:26:40,759 No antonyms: Partition
2025-09-24 10:26:40,759 Not find: READ_UNCOMMITTED
2025-09-24 10:26:40,759 Not find: ReplicaStateMachine
2025-09-24 10:26:40,760 No antonyms: concurrent
2025-09-24 10:26:40,760 Not find: obackJoinOut
2025-09-24 10:26:40,760 Not find: sync_seg_valve0
2025-09-24 10:26:40,761 No antonyms: Jan
2025-09-24 10:26:40,764 No antonyms: flush
2025-09-24 10:26:40,764 Not find: cp_data
2025-09-24 10:26:40,764 Not find: controllerEpoch
2025-09-24 10:26:40,764 No antonyms: id
2025-09-24 10:26:40,769 Not find: logStartOffset
2025-09-24 10:26:40,769 Not find: for
2025-09-24 10:26:40,769 Not find: timeindex
2025-09-24 10:26:40,770 No antonyms: java
2025-09-24 10:26:40,770 Not find: This
2025-09-24 10:26:40,770 Not find: testtopn
2025-09-24 10:26:40,770 Not find: messageTopic
2025-09-24 10:26:40,770 Not find: onePartition03
2025-09-24 10:26:40,771 Not find: LoggingSignalHandler
2025-09-24 10:26:40,771 Not find: topicSQLOUT
2025-09-24 10:26:40,771 Not find: tmpdir
2025-09-24 10:26:40,771 Not find: topn_Topic
2025-09-24 10:26:40,771 Not find: pipp01
2025-09-24 10:26:40,771 Not find: UPDATE_METADATA
2025-09-24 10:26:40,772 Not find: ArrayBuffer
2025-09-24 10:26:40,772 Not find: than
2025-09-24 10:26:40,772 Not find: LeaderAndIsr
2025-09-24 10:26:40,773 No antonyms: socket
2025-09-24 10:26:40,773 Not find: ReplicaManager
2025-09-24 10:26:40,773 Not find: testtopic_gd
2025-09-24 10:26:40,773 No antonyms: Assignment
2025-09-24 10:26:40,773 Not find: topn_test
2025-09-24 10:26:40,774 No antonyms: interval
2025-09-24 10:26:40,775 No antonyms: task
2025-09-24 10:26:40,775 Not find: testToes
2025-09-24 10:26:40,776 Not find: baseline1
2025-09-24 10:26:40,776 No antonyms: CST
2025-09-24 10:26:40,776 No antonyms: non
2025-09-24 10:26:40,776 Not find: sqlTopic
2025-09-24 10:26:40,776 Not find: testout4
2025-09-24 10:26:40,777 Not find: sync_baseline123
2025-09-24 10:26:40,777 Not find: dcAgentTopic
2025-09-24 10:26:40,777 No antonyms: epoch
2025-09-24 10:26:40,778 No antonyms: format
2025-09-24 10:26:40,779 Not find: asdfj1
2025-09-24 10:26:40,780 No antonyms: Vector
2025-09-24 10:26:40,782 No antonyms: period
2025-09-24 10:26:40,782 Not find: ci_unregisted_topic
2025-09-24 10:26:40,789 Not find: SIGTERM
2025-09-24 10:26:40,789 No antonyms: writing
2025-09-24 10:26:40,790 Not find: warterTime
2025-09-24 10:26:40,790 Not find: max_num8
2025-09-24 10:26:40,790 Not find: topn_maoyan_sc
2025-09-24 10:26:40,790 Not find: ckkafka5
2025-09-24 10:26:40,790 Not find: dodb_topic
2025-09-24 10:26:40,793 No antonyms: ms
2025-09-24 10:26:40,794 No antonyms: Resuming
2025-09-24 10:26:40,794 Not find: deletePartitions
2025-09-24 10:26:40,794 Not find: testout_006
2025-09-24 10:26:40,795 Not find: onePartitionOut01
2025-09-24 10:26:40,795 Not find: NOT_LEADER_FOR_PARTITION
2025-09-24 10:26:40,795 Not find: sink_flow_45
2025-09-24 10:26:40,797 No antonyms: size
2025-09-24 10:26:40,799 No antonyms: time
2025-09-24 10:26:40,799 Not find: zookeeper
2025-09-24 10:26:40,799 Not find: {sync_value2
2025-09-24 10:26:40,799 Not find: 21600000ms
2025-09-24 10:26:40,800 Not find: dodb_topic314
2025-09-24 10:26:40,800 Not find: value0
2025-09-24 10:26:40,801 No antonyms: network
2025-09-24 10:26:40,802 No antonyms: preferred
2025-09-24 10:26:40,803 Not find: testkafkaout
2025-09-24 10:26:40,803 Not find: brokerId
2025-09-24 10:26:40,803 Not find: WaveDetectionRealtime0
2025-09-24 10:26:40,803 Not find: LeaderEpochCache
2025-09-24 10:26:40,804 No antonyms: conflicting
2025-09-24 10:26:40,804 Not find: STOP_REPLICA
2025-09-24 10:26:40,804 Not find: consumer6
2025-09-24 10:26:40,805 Not find: fetcherId
2025-09-24 10:26:40,805 Not find: ajdfkhashjdd1
2025-09-24 10:26:40,805 No antonyms: topic
2025-09-24 10:26:40,805 No antonyms: apollo
2025-09-24 10:26:40,806 Not find: jky
2025-09-24 10:26:40,808 No antonyms: TRACE
2025-09-24 10:26:40,808 Not find: dommtest
2025-09-24 10:26:40,809 No antonyms: contains
2025-09-24 10:26:40,809 Not find: original_metric_datasource
2025-09-24 10:26:40,809 Not find: belletopic1
2025-09-24 10:26:40,810 No antonyms: scheduler
2025-09-24 10:26:40,813 Not find: mmm
2025-09-24 10:26:40,813 Not find: reconnect
2025-09-24 10:26:40,814 No antonyms: Partitions
2025-09-24 10:26:40,814 Not find: checkpoint'
2025-09-24 10:26:40,814 Not find: sys_baseline_2
2025-09-24 10:26:40,814 Not find: source_flow_699
2025-09-24 10:26:40,814 Not find: sql_suanzi
2025-09-24 10:26:40,814 Not find: original__new_data
2025-09-24 10:26:40,815 Not find: aops_aopc_metric_service_original_3
2025-09-24 10:26:40,815 Not find: replicaId
2025-09-24 10:26:40,817 No antonyms: Skipped
2025-09-24 10:26:40,818 No antonyms: EndPoint
2025-09-24 10:26:40,818 No antonyms: May
2025-09-24 10:26:40,818 No antonyms: processors
2025-09-24 10:26:40,819 Not find: manyTopic
2025-09-24 10:26:40,821 Not find: artemis_root_result
2025-09-24 10:26:40,821 No antonyms: ci
2025-09-24 10:26:40,821 Not find: {zookeeper
2025-09-24 10:26:40,821 Not find: asteria_final_agg
2025-09-24 10:26:40,822 Not find: monitor_topic
2025-09-24 10:26:40,822 Not find: sync_lmn0
2025-09-24 10:26:40,823 No antonyms: discarding
2025-09-24 10:26:40,823 Not find: relationTopic
2025-09-24 10:26:40,823 Not find: outtest
2025-09-24 10:26:40,829 No antonyms: deletion
2025-09-24 10:26:40,830 Not find: aops_aopc_metric_service_original_m
2025-09-24 10:26:40,830 Not find: Reconnecting
2025-09-24 10:26:40,830 No antonyms: coordinator
2025-09-24 10:26:40,831 No antonyms: properties
2025-09-24 10:26:40,832 Not find: rebalance
2025-09-24 10:26:40,832 Not find: {
2025-09-24 10:26:40,832 Not find: TopicPartitions
2025-09-24 10:26:40,832 Not find: maxBytes
2025-09-24 10:26:40,835 No antonyms: state
2025-09-24 10:26:40,836 No antonyms: event
2025-09-24 10:26:40,836 No antonyms: Client
2025-09-24 10:26:40,837 No antonyms: completed
